  ConsoleBankSystemOOP.cpp
H:\myfirst\ConsoleBankSystemOOP\ConsoleBankSystemOOP\clsString.h(40,25): warning C4267: 'return': conversion from 'size_t' to 'short', possible loss of data
  (compiling source file 'ConsoleBankSystemOOP.cpp')
  
H:\myfirst\ConsoleBankSystemOOP\ConsoleBankSystemOOP\clsString.h(45,29): warning C4267: 'return': conversion from 'size_t' to 'short', possible loss of data
  (compiling source file 'ConsoleBankSystemOOP.cpp')
  
H:\myfirst\ConsoleBankSystemOOP\ConsoleBankSystemOOP\clsString.h(57,30): warning C4267: '=': conversion from 'size_t' to 'short', possible loss of data
  (compiling source file 'ConsoleBankSystemOOP.cpp')
  
H:\myfirst\ConsoleBankSystemOOP\ConsoleBankSystemOOP\clsString.h(194,29): warning C4267: 'return': conversion from 'size_t' to 'short', possible loss of data
  (compiling source file 'ConsoleBankSystemOOP.cpp')
  
H:\myfirst\ConsoleBankSystemOOP\ConsoleBankSystemOOP\clsString.h(325,30): warning C4267: '=': conversion from 'size_t' to 'short', possible loss of data
  (compiling source file 'ConsoleBankSystemOOP.cpp')
  
H:\myfirst\ConsoleBankSystemOOP\ConsoleBankSystemOOP\clsString.h(373,22): warning C4267: 'initializing': conversion from 'size_t' to 'short', possible loss of data
  (compiling source file 'ConsoleBankSystemOOP.cpp')
  
H:\myfirst\ConsoleBankSystemOOP\ConsoleBankSystemOOP\clsUtil.h(64,5): warning C4102: 'defualt': unreferenced label
  (compiling source file 'ConsoleBankSystemOOP.cpp')
  
H:\myfirst\ConsoleBankSystemOOP\ConsoleBankSystemOOP\clsUser.h(191,12): warning C4240: nonstandard extension used: access to 'clsUser::stLoginRegisterRecord' now defined to be 'public', previously it was defined to be 'private'
  (compiling source file 'ConsoleBankSystemOOP.cpp')
      H:\myfirst\ConsoleBankSystemOOP\ConsoleBankSystemOOP\clsUser.h(167,12):
      see declaration of 'clsUser::stLoginRegisterRecord'
  
H:\myfirst\ConsoleBankSystemOOP\ConsoleBankSystemOOP\clsBankClient.h(207,16): warning C4240: nonstandard extension used: access to 'clsBankClient::stTrnsferLogRecord' now defined to be 'public', previously it was defined to be 'private'
  (compiling source file 'ConsoleBankSystemOOP.cpp')
      H:\myfirst\ConsoleBankSystemOOP\ConsoleBankSystemOOP\clsBankClient.h(154,16):
      see declaration of 'clsBankClient::stTrnsferLogRecord'
  
H:\myfirst\ConsoleBankSystemOOP\ConsoleBankSystemOOP\clsBankClient.h(31,69): warning C4244: 'argument': conversion from 'double' to 'float', possible loss of data
  (compiling source file 'ConsoleBankSystemOOP.cpp')
  
H:\myfirst\ConsoleBankSystemOOP\ConsoleBankSystemOOP\clsBankClient.h(164,43): warning C4244: '=': conversion from 'double' to 'float', possible loss of data
  (compiling source file 'ConsoleBankSystemOOP.cpp')
  
H:\myfirst\ConsoleBankSystemOOP\ConsoleBankSystemOOP\clsBankClient.h(165,52): warning C4244: '=': conversion from 'double' to 'float', possible loss of data
  (compiling source file 'ConsoleBankSystemOOP.cpp')
  
H:\myfirst\ConsoleBankSystemOOP\ConsoleBankSystemOOP\clsBankClient.h(166,53): warning C4244: '=': conversion from 'double' to 'float', possible loss of data
  (compiling source file 'ConsoleBankSystemOOP.cpp')
  
H:\myfirst\ConsoleBankSystemOOP\ConsoleBankSystemOOP\clsBankClient.h(429,20): warning C4244: 'return': conversion from 'double' to 'float', possible loss of data
  (compiling source file 'ConsoleBankSystemOOP.cpp')
  
H:\myfirst\ConsoleBankSystemOOP\ConsoleBankSystemOOP\clsBankClient.h(435,32): warning C4244: '+=': conversion from 'double' to 'float', possible loss of data
  (compiling source file 'ConsoleBankSystemOOP.cpp')
  
H:\myfirst\ConsoleBankSystemOOP\ConsoleBankSystemOOP\clsBankClient.h(447,36): warning C4244: '-=': conversion from 'double' to 'float', possible loss of data
  (compiling source file 'ConsoleBankSystemOOP.cpp')
  
H:\myfirst\ConsoleBankSystemOOP\ConsoleBankSystemOOP\clsTotalBalanceScreen.h(57,82): warning C4244: 'argument': conversion from 'double' to 'int', possible loss of data
  (compiling source file 'ConsoleBankSystemOOP.cpp')
  
H:\myfirst\ConsoleBankSystemOOP\ConsoleBankSystemOOP\clsBankClient.h(375,1): warning C4715: 'clsBankClient::Save': not all control paths return a value
H:\myfirst\ConsoleBankSystemOOP\ConsoleBankSystemOOP\clsUser.h(348,1): warning C4715: 'clsUser::Save': not all control paths return a value
H:\myfirst\ConsoleBankSystemOOP\ConsoleBankSystemOOP\clsBankClient.h(451,1): warning C4715: 'clsBankClient::Withdraw': not all control paths return a value
  ConsoleBankSystemOOP.vcxproj -> H:\myfirst\ConsoleBankSystemOOP\x64\Debug\ConsoleBankSystemOOP.exe
